[2025-03-22T22:00:14.772+0000] {local_task_job_runner.py:123} INFO - ::group::Pre task execution logs
[2025-03-22T22:00:14.781+0000] {taskinstance.py:2614} INFO - Dependencies all met for dep_context=non-requeueable deps ti=<TaskInstance: fetch_data_from_arxiv.create_arxiv_papers_table manual__2025-03-22T22:00:13.415381+00:00 [queued]>
[2025-03-22T22:00:14.784+0000] {taskinstance.py:2614} INFO - Dependencies all met for dep_context=requeueable deps ti=<TaskInstance: fetch_data_from_arxiv.create_arxiv_papers_table manual__2025-03-22T22:00:13.415381+00:00 [queued]>
[2025-03-22T22:00:14.785+0000] {taskinstance.py:2867} INFO - Starting attempt 1 of 2
[2025-03-22T22:00:14.791+0000] {taskinstance.py:2890} INFO - Executing <Task(SQLExecuteQueryOperator): create_arxiv_papers_table> on 2025-03-22 22:00:13.415381+00:00
[2025-03-22T22:00:14.796+0000] {warnings.py:112} WARNING - /home/***/.local/lib/python3.12/site-packages/***/task/task_runner/standard_task_runner.py:70: DeprecationWarning: This process (pid=783) is multi-threaded, use of fork() may lead to deadlocks in the child.
  pid = os.fork()

[2025-03-22T22:00:14.797+0000] {standard_task_runner.py:72} INFO - Started process 785 to run task
[2025-03-22T22:00:14.797+0000] {standard_task_runner.py:104} INFO - Running: ['***', 'tasks', 'run', 'fetch_data_from_arxiv', 'create_arxiv_papers_table', 'manual__2025-03-22T22:00:13.415381+00:00', '--job-id', '6', '--raw', '--subdir', 'DAGS_FOLDER/dag.py', '--cfg-path', '/tmp/tmp80vlvza_']
[2025-03-22T22:00:14.797+0000] {standard_task_runner.py:105} INFO - Job 6: Subtask create_arxiv_papers_table
[2025-03-22T22:00:14.820+0000] {task_command.py:467} INFO - Running <TaskInstance: fetch_data_from_arxiv.create_arxiv_papers_table manual__2025-03-22T22:00:13.415381+00:00 [running]> on host 025cd1981bbc
[2025-03-22T22:00:14.976+0000] {taskinstance.py:3134} INFO - Exporting env vars: AIRFLOW_CTX_DAG_OWNER='***' AIRFLOW_CTX_DAG_ID='fetch_data_from_arxiv' AIRFLOW_CTX_TASK_ID='create_arxiv_papers_table' AIRFLOW_CTX_EXECUTION_DATE='2025-03-22T22:00:13.415381+00:00' AIRFLOW_CTX_TRY_NUMBER='1' AIRFLOW_CTX_DAG_RUN_ID='manual__2025-03-22T22:00:13.415381+00:00'
[2025-03-22T22:00:14.976+0000] {logging_mixin.py:190} INFO - Task instance is in running state
[2025-03-22T22:00:14.977+0000] {logging_mixin.py:190} INFO -  Previous state of the Task instance: queued
[2025-03-22T22:00:14.977+0000] {logging_mixin.py:190} INFO - Current task name:create_arxiv_papers_table state:running start_date:2025-03-22 22:00:14.781546+00:00
[2025-03-22T22:00:14.977+0000] {logging_mixin.py:190} INFO - Dag name:fetch_data_from_arxiv and current dag run status:running
[2025-03-22T22:00:14.977+0000] {taskinstance.py:732} INFO - ::endgroup::
[2025-03-22T22:00:14.978+0000] {sql.py:295} INFO - Executing: 
    CREATE TABLE IF NOT EXISTS arxiv_papers_table (
        id TEXT PRIMARY KEY,
        title TEXT NOT NULL,
        authors TEXT[] NOT NULL,
        abstract TEXT NOT NULL,
        category TEXT NOT NULL,
        dataset TEXT NOT NULL,
        citations INTEGER NOT NULL
    );
    
[2025-03-22T22:00:14.981+0000] {base.py:84} INFO - Retrieving connection 'papers_connection'
[2025-03-22T22:00:14.984+0000] {base.py:84} INFO - Retrieving connection 'papers_connection'
[2025-03-22T22:00:14.985+0000] {sql.py:511} INFO - Running statement: 
    CREATE TABLE IF NOT EXISTS arxiv_papers_table (
        id TEXT PRIMARY KEY,
        title TEXT NOT NULL,
        authors TEXT[] NOT NULL,
        abstract TEXT NOT NULL,
        category TEXT NOT NULL,
        dataset TEXT NOT NULL,
        citations INTEGER NOT NULL
    );
    , parameters: None
[2025-03-22T22:00:14.989+0000] {warnings.py:112} WARNING - /home/***/.local/lib/python3.12/site-packages/***/providers/common/sql/hooks/sql.py:470: DeprecationWarning: Import of fetch_all_handler from the '***.providers.common.sql.hooks' module is deprecated and will
be removed in the future. Please import it from '***.providers.common.sql.hooks.handlers'.
  result = self._make_common_data_structure(handler(cur))

[2025-03-22T22:00:14.990+0000] {warnings.py:112} WARNING - /home/***/.local/lib/python3.12/site-packages/***/providers/common/sql/hooks/sql.py:471: DeprecationWarning: Import of return_single_query_results from the '***.providers.common.sql.hooks' module is deprecated and will
be removed in the future. Please import it from '***.providers.common.sql.hooks.handlers'.
  if return_single_query_results(sql, return_last, split_statements):

[2025-03-22T22:00:14.991+0000] {warnings.py:112} WARNING - /home/***/.local/lib/python3.12/site-packages/***/providers/common/sql/hooks/sql.py:486: DeprecationWarning: Import of return_single_query_results from the '***.providers.common.sql.hooks' module is deprecated and will
be removed in the future. Please import it from '***.providers.common.sql.hooks.handlers'.
  if return_single_query_results(sql, return_last, split_statements):

[2025-03-22T22:00:14.991+0000] {warnings.py:112} WARNING - /home/***/.local/lib/python3.12/site-packages/***/providers/common/sql/operators/sql.py:311: DeprecationWarning: Import of return_single_query_results from the '***.providers.common.sql.hooks' module is deprecated and will
be removed in the future. Please import it from '***.providers.common.sql.hooks.handlers'.
  if return_single_query_results(self.sql, self.return_last, self.split_statements):

[2025-03-22T22:00:14.996+0000] {taskinstance.py:341} INFO - ::group::Post task execution logs
[2025-03-22T22:00:14.996+0000] {taskinstance.py:353} INFO - Marking task as SUCCESS. dag_id=fetch_data_from_arxiv, task_id=create_arxiv_papers_table, run_id=manual__2025-03-22T22:00:13.415381+00:00, execution_date=20250322T220013, start_date=20250322T220014, end_date=20250322T220014
[2025-03-22T22:00:15.005+0000] {logging_mixin.py:190} INFO - Task instance in success state
[2025-03-22T22:00:15.006+0000] {logging_mixin.py:190} INFO -  Previous state of the Task instance: running
[2025-03-22T22:00:15.006+0000] {logging_mixin.py:190} INFO - Dag name:fetch_data_from_arxiv queued_at:2025-03-22 22:00:13.420284+00:00
[2025-03-22T22:00:15.006+0000] {logging_mixin.py:190} INFO - Task hostname:025cd1981bbc operator:SQLExecuteQueryOperator
[2025-03-22T22:00:15.050+0000] {local_task_job_runner.py:266} INFO - Task exited with return code 0
[2025-03-22T22:00:15.062+0000] {taskinstance.py:3901} INFO - 1 downstream tasks scheduled from follow-on schedule check
[2025-03-22T22:00:15.064+0000] {local_task_job_runner.py:245} INFO - ::endgroup::
