[2025-03-22T22:00:15.975+0000] {local_task_job_runner.py:123} INFO - ::group::Pre task execution logs
[2025-03-22T22:00:15.986+0000] {taskinstance.py:2614} INFO - Dependencies all met for dep_context=non-requeueable deps ti=<TaskInstance: fetch_data_from_arxiv.fetch_transform_store manual__2025-03-22T22:00:13.415381+00:00 [queued]>
[2025-03-22T22:00:15.990+0000] {taskinstance.py:2614} INFO - Dependencies all met for dep_context=requeueable deps ti=<TaskInstance: fetch_data_from_arxiv.fetch_transform_store manual__2025-03-22T22:00:13.415381+00:00 [queued]>
[2025-03-22T22:00:15.991+0000] {taskinstance.py:2867} INFO - Starting attempt 1 of 2
[2025-03-22T22:00:15.998+0000] {taskinstance.py:2890} INFO - Executing <Task(PythonOperator): fetch_transform_store> on 2025-03-22 22:00:13.415381+00:00
[2025-03-22T22:00:16.002+0000] {warnings.py:112} WARNING - /home/***/.local/lib/python3.12/site-packages/***/task/task_runner/standard_task_runner.py:70: DeprecationWarning: This process (pid=787) is multi-threaded, use of fork() may lead to deadlocks in the child.
  pid = os.fork()

[2025-03-22T22:00:16.003+0000] {standard_task_runner.py:72} INFO - Started process 789 to run task
[2025-03-22T22:00:16.003+0000] {standard_task_runner.py:104} INFO - Running: ['***', 'tasks', 'run', 'fetch_data_from_arxiv', 'fetch_transform_store', 'manual__2025-03-22T22:00:13.415381+00:00', '--job-id', '7', '--raw', '--subdir', 'DAGS_FOLDER/dag.py', '--cfg-path', '/tmp/tmpiw9h6zce']
[2025-03-22T22:00:16.003+0000] {standard_task_runner.py:105} INFO - Job 7: Subtask fetch_transform_store
[2025-03-22T22:00:16.025+0000] {task_command.py:467} INFO - Running <TaskInstance: fetch_data_from_arxiv.fetch_transform_store manual__2025-03-22T22:00:13.415381+00:00 [running]> on host 025cd1981bbc
[2025-03-22T22:00:16.060+0000] {taskinstance.py:3134} INFO - Exporting env vars: AIRFLOW_CTX_DAG_OWNER='***' AIRFLOW_CTX_DAG_ID='fetch_data_from_arxiv' AIRFLOW_CTX_TASK_ID='fetch_transform_store' AIRFLOW_CTX_EXECUTION_DATE='2025-03-22T22:00:13.415381+00:00' AIRFLOW_CTX_TRY_NUMBER='1' AIRFLOW_CTX_DAG_RUN_ID='manual__2025-03-22T22:00:13.415381+00:00'
[2025-03-22T22:00:16.061+0000] {logging_mixin.py:190} INFO - Task instance is in running state
[2025-03-22T22:00:16.061+0000] {logging_mixin.py:190} INFO -  Previous state of the Task instance: queued
[2025-03-22T22:00:16.061+0000] {logging_mixin.py:190} INFO - Current task name:fetch_transform_store state:running start_date:2025-03-22 22:00:15.986409+00:00
[2025-03-22T22:00:16.061+0000] {logging_mixin.py:190} INFO - Dag name:fetch_data_from_arxiv and current dag run status:running
[2025-03-22T22:00:16.061+0000] {taskinstance.py:732} INFO - ::endgroup::
[2025-03-22T22:00:16.062+0000] {logging_mixin.py:190} INFO - Fetching results 0 to 100 for query "machine learning"
[2025-03-22T22:00:19.867+0000] {logging_mixin.py:190} INFO - Fetching results 100 to 200 for query "machine learning"
[2025-03-22T22:00:24.419+0000] {logging_mixin.py:190} INFO - Fetching results 200 to 300 for query "machine learning"
[2025-03-22T22:00:28.368+0000] {logging_mixin.py:190} INFO - Fetching results 300 to 400 for query "machine learning"
[2025-03-22T22:00:32.197+0000] {logging_mixin.py:190} INFO - Fetching results 400 to 500 for query "machine learning"
[2025-03-22T22:00:36.077+0000] {logging_mixin.py:190} INFO - Fetching results 500 to 600 for query "machine learning"
[2025-03-22T22:00:40.202+0000] {logging_mixin.py:190} INFO - Fetching results 600 to 700 for query "machine learning"
[2025-03-22T22:00:43.509+0000] {logging_mixin.py:190} INFO - Fetching results 700 to 800 for query "machine learning"
[2025-03-22T22:00:47.404+0000] {logging_mixin.py:190} INFO - Fetching results 800 to 900 for query "machine learning"
[2025-03-22T22:00:51.579+0000] {logging_mixin.py:190} INFO - Fetching results 900 to 1000 for query "machine learning"
[2025-03-22T22:00:55.553+0000] {logging_mixin.py:190} INFO - Fetching results 1000 to 1100 for query "machine learning"
[2025-03-22T22:00:59.493+0000] {logging_mixin.py:190} INFO - Fetching results 1100 to 1200 for query "machine learning"
[2025-03-22T22:01:03.473+0000] {logging_mixin.py:190} INFO - Fetching results 1200 to 1300 for query "machine learning"
[2025-03-22T22:01:07.621+0000] {logging_mixin.py:190} INFO - Fetching results 1300 to 1400 for query "machine learning"
[2025-03-22T22:01:11.655+0000] {logging_mixin.py:190} INFO - Fetching results 1400 to 1500 for query "machine learning"
[2025-03-22T22:01:15.573+0000] {logging_mixin.py:190} INFO - Fetching results 1500 to 1600 for query "machine learning"
[2025-03-22T22:01:19.529+0000] {logging_mixin.py:190} INFO - Fetching results 1600 to 1700 for query "machine learning"
[2025-03-22T22:01:22.789+0000] {logging_mixin.py:190} INFO - Fetching results 1700 to 1800 for query "machine learning"
[2025-03-22T22:01:26.788+0000] {logging_mixin.py:190} INFO - Fetching results 1800 to 1900 for query "machine learning"
[2025-03-22T22:01:30.124+0000] {logging_mixin.py:190} INFO - Fetching results 1900 to 2000 for query "machine learning"
[2025-03-22T22:01:34.187+0000] {logging_mixin.py:190} INFO - Fetching results 0 to 100 for query "big data"
[2025-03-22T22:01:37.930+0000] {logging_mixin.py:190} INFO - Fetching results 100 to 200 for query "big data"
[2025-03-22T22:01:41.228+0000] {logging_mixin.py:190} INFO - Fetching results 200 to 300 for query "big data"
[2025-03-22T22:01:45.165+0000] {logging_mixin.py:190} INFO - Fetching results 300 to 400 for query "big data"
[2025-03-22T22:01:49.060+0000] {logging_mixin.py:190} INFO - Fetching results 400 to 500 for query "big data"
[2025-03-22T22:01:52.986+0000] {logging_mixin.py:190} INFO - Fetching results 500 to 600 for query "big data"
[2025-03-22T22:01:57.070+0000] {logging_mixin.py:190} INFO - Fetching results 600 to 700 for query "big data"
[2025-03-22T22:02:01.052+0000] {logging_mixin.py:190} INFO - Fetching results 700 to 800 for query "big data"
[2025-03-22T22:02:05.021+0000] {logging_mixin.py:190} INFO - Fetching results 800 to 900 for query "big data"
[2025-03-22T22:02:09.251+0000] {logging_mixin.py:190} INFO - Fetching results 900 to 1000 for query "big data"
[2025-03-22T22:02:12.861+0000] {logging_mixin.py:190} INFO - Fetching results 1000 to 1100 for query "big data"
[2025-03-22T22:02:17.564+0000] {logging_mixin.py:190} INFO - Fetching results 1100 to 1200 for query "big data"
[2025-03-22T22:02:21.625+0000] {logging_mixin.py:190} INFO - Fetching results 1200 to 1300 for query "big data"
[2025-03-22T22:02:25.711+0000] {logging_mixin.py:190} INFO - Fetching results 1300 to 1400 for query "big data"
[2025-03-22T22:02:29.854+0000] {logging_mixin.py:190} INFO - Fetching results 1400 to 1500 for query "big data"
[2025-03-22T22:02:33.836+0000] {logging_mixin.py:190} INFO - Fetching results 1500 to 1600 for query "big data"
[2025-03-22T22:02:37.882+0000] {logging_mixin.py:190} INFO - Fetching results 1600 to 1700 for query "big data"
[2025-03-22T22:02:41.973+0000] {logging_mixin.py:190} INFO - Fetching results 1700 to 1800 for query "big data"
[2025-03-22T22:02:46.079+0000] {logging_mixin.py:190} INFO - Fetching results 1800 to 1900 for query "big data"
[2025-03-22T22:02:50.421+0000] {logging_mixin.py:190} INFO - Fetching results 1900 to 2000 for query "big data"
[2025-03-22T22:02:54.533+0000] {logging_mixin.py:190} INFO - Fetching results 0 to 100 for query "cloud computing"
[2025-03-22T22:02:58.338+0000] {logging_mixin.py:190} INFO - Fetching results 100 to 200 for query "cloud computing"
[2025-03-22T22:03:02.181+0000] {logging_mixin.py:190} INFO - Fetching results 200 to 300 for query "cloud computing"
[2025-03-22T22:03:05.542+0000] {logging_mixin.py:190} INFO - Fetching results 300 to 400 for query "cloud computing"
[2025-03-22T22:03:09.482+0000] {logging_mixin.py:190} INFO - Fetching results 400 to 500 for query "cloud computing"
[2025-03-22T22:03:13.493+0000] {logging_mixin.py:190} INFO - Fetching results 500 to 600 for query "cloud computing"
[2025-03-22T22:03:17.475+0000] {logging_mixin.py:190} INFO - Fetching results 600 to 700 for query "cloud computing"
[2025-03-22T22:03:21.434+0000] {logging_mixin.py:190} INFO - Fetching results 700 to 800 for query "cloud computing"
[2025-03-22T22:03:25.408+0000] {logging_mixin.py:190} INFO - Fetching results 800 to 900 for query "cloud computing"
[2025-03-22T22:03:28.784+0000] {logging_mixin.py:190} INFO - Fetching results 900 to 1000 for query "cloud computing"
[2025-03-22T22:03:33.239+0000] {logging_mixin.py:190} INFO - Fetching results 1000 to 1100 for query "cloud computing"
[2025-03-22T22:03:38.317+0000] {logging_mixin.py:190} INFO - Fetching results 1100 to 1200 for query "cloud computing"
[2025-03-22T22:03:42.413+0000] {logging_mixin.py:190} INFO - Fetching results 1200 to 1300 for query "cloud computing"
[2025-03-22T22:03:45.825+0000] {logging_mixin.py:190} INFO - Fetching results 1300 to 1400 for query "cloud computing"
[2025-03-22T22:03:49.100+0000] {logging_mixin.py:190} INFO - Fetching results 1400 to 1500 for query "cloud computing"
[2025-03-22T22:03:53.153+0000] {logging_mixin.py:190} INFO - Fetching results 1500 to 1600 for query "cloud computing"
[2025-03-22T22:03:57.183+0000] {logging_mixin.py:190} INFO - Fetching results 1600 to 1700 for query "cloud computing"
[2025-03-22T22:04:00.542+0000] {logging_mixin.py:190} INFO - Fetching results 1700 to 1800 for query "cloud computing"
[2025-03-22T22:04:04.622+0000] {logging_mixin.py:190} INFO - Fetching results 1800 to 1900 for query "cloud computing"
[2025-03-22T22:04:08.928+0000] {logging_mixin.py:190} INFO - Fetching results 1900 to 2000 for query "cloud computing"
[2025-03-22T22:04:13.258+0000] {logging_mixin.py:190} INFO - Fetching results 0 to 100 for query "deep learning"
[2025-03-22T22:04:17.147+0000] {logging_mixin.py:190} INFO - Fetching results 100 to 200 for query "deep learning"
[2025-03-22T22:04:20.914+0000] {logging_mixin.py:190} INFO - Fetching results 200 to 300 for query "deep learning"
[2025-03-22T22:04:24.166+0000] {logging_mixin.py:190} INFO - Fetching results 300 to 400 for query "deep learning"
[2025-03-22T22:04:28.002+0000] {logging_mixin.py:190} INFO - Fetching results 400 to 500 for query "deep learning"
[2025-03-22T22:04:31.366+0000] {logging_mixin.py:190} INFO - Fetching results 500 to 600 for query "deep learning"
[2025-03-22T22:04:35.244+0000] {logging_mixin.py:190} INFO - Fetching results 600 to 700 for query "deep learning"
[2025-03-22T22:04:39.130+0000] {logging_mixin.py:190} INFO - Fetching results 700 to 800 for query "deep learning"
[2025-03-22T22:04:43.039+0000] {logging_mixin.py:190} INFO - Fetching results 800 to 900 for query "deep learning"
[2025-03-22T22:04:47.013+0000] {logging_mixin.py:190} INFO - Fetching results 900 to 1000 for query "deep learning"
[2025-03-22T22:04:51.003+0000] {logging_mixin.py:190} INFO - Fetching results 1000 to 1100 for query "deep learning"
[2025-03-22T22:04:54.987+0000] {logging_mixin.py:190} INFO - Fetching results 1100 to 1200 for query "deep learning"
[2025-03-22T22:04:58.941+0000] {logging_mixin.py:190} INFO - Fetching results 1200 to 1300 for query "deep learning"
[2025-03-22T22:05:02.997+0000] {logging_mixin.py:190} INFO - Fetching results 1300 to 1400 for query "deep learning"
[2025-03-22T22:05:07.003+0000] {logging_mixin.py:190} INFO - Fetching results 1400 to 1500 for query "deep learning"
[2025-03-22T22:05:11.022+0000] {logging_mixin.py:190} INFO - Fetching results 1500 to 1600 for query "deep learning"
[2025-03-22T22:05:15.807+0000] {logging_mixin.py:190} INFO - Fetching results 1600 to 1700 for query "deep learning"
[2025-03-22T22:05:21.796+0000] {logging_mixin.py:190} INFO - Fetching results 1700 to 1800 for query "deep learning"
[2025-03-22T22:05:27.438+0000] {logging_mixin.py:190} INFO - Fetching results 1800 to 1900 for query "deep learning"
[2025-03-22T22:05:31.471+0000] {logging_mixin.py:190} INFO - Fetching results 1900 to 2000 for query "deep learning"
[2025-03-22T22:05:35.602+0000] {logging_mixin.py:190} INFO - Fetching results 0 to 100 for query "adversarial attacks"
[2025-03-22T22:05:39.489+0000] {logging_mixin.py:190} INFO - Fetching results 100 to 200 for query "adversarial attacks"
[2025-03-22T22:05:43.434+0000] {logging_mixin.py:190} INFO - Fetching results 200 to 300 for query "adversarial attacks"
[2025-03-22T22:05:47.217+0000] {logging_mixin.py:190} INFO - Fetching results 300 to 400 for query "adversarial attacks"
[2025-03-22T22:05:51.049+0000] {logging_mixin.py:190} INFO - Fetching results 400 to 500 for query "adversarial attacks"
[2025-03-22T22:05:54.933+0000] {logging_mixin.py:190} INFO - Fetching results 500 to 600 for query "adversarial attacks"
[2025-03-22T22:05:58.785+0000] {logging_mixin.py:190} INFO - Fetching results 600 to 700 for query "adversarial attacks"
[2025-03-22T22:06:02.804+0000] {logging_mixin.py:190} INFO - Fetching results 700 to 800 for query "adversarial attacks"
[2025-03-22T22:06:06.787+0000] {logging_mixin.py:190} INFO - Fetching results 800 to 900 for query "adversarial attacks"
[2025-03-22T22:06:10.633+0000] {logging_mixin.py:190} INFO - Fetching results 900 to 1000 for query "adversarial attacks"
[2025-03-22T22:06:14.419+0000] {logging_mixin.py:190} INFO - Fetching results 1000 to 1100 for query "adversarial attacks"
[2025-03-22T22:06:18.292+0000] {logging_mixin.py:190} INFO - Fetching results 1100 to 1200 for query "adversarial attacks"
[2025-03-22T22:06:22.174+0000] {logging_mixin.py:190} INFO - Fetching results 1200 to 1300 for query "adversarial attacks"
[2025-03-22T22:06:26.034+0000] {logging_mixin.py:190} INFO - Fetching results 1300 to 1400 for query "adversarial attacks"
[2025-03-22T22:06:30.019+0000] {logging_mixin.py:190} INFO - Fetching results 1400 to 1500 for query "adversarial attacks"
[2025-03-22T22:06:33.986+0000] {logging_mixin.py:190} INFO - Fetching results 1500 to 1600 for query "adversarial attacks"
[2025-03-22T22:06:37.812+0000] {logging_mixin.py:190} INFO - Fetching results 1600 to 1700 for query "adversarial attacks"
[2025-03-22T22:06:42.367+0000] {logging_mixin.py:190} INFO - Fetching results 1700 to 1800 for query "adversarial attacks"
[2025-03-22T22:06:46.436+0000] {logging_mixin.py:190} INFO - Fetching results 1800 to 1900 for query "adversarial attacks"
[2025-03-22T22:06:50.352+0000] {logging_mixin.py:190} INFO - Fetching results 1900 to 2000 for query "adversarial attacks"
[2025-03-22T22:06:54.330+0000] {logging_mixin.py:190} INFO - Fetching results 0 to 100 for query "image classification"
[2025-03-22T22:06:58.079+0000] {logging_mixin.py:190} INFO - Fetching results 100 to 200 for query "image classification"
[2025-03-22T22:07:01.337+0000] {logging_mixin.py:190} INFO - Fetching results 200 to 300 for query "image classification"
[2025-03-22T22:07:05.273+0000] {logging_mixin.py:190} INFO - Fetching results 300 to 400 for query "image classification"
[2025-03-22T22:07:09.199+0000] {logging_mixin.py:190} INFO - Fetching results 400 to 500 for query "image classification"
[2025-03-22T22:07:13.101+0000] {logging_mixin.py:190} INFO - Fetching results 500 to 600 for query "image classification"
[2025-03-22T22:07:17.044+0000] {logging_mixin.py:190} INFO - Fetching results 600 to 700 for query "image classification"
[2025-03-22T22:07:20.958+0000] {logging_mixin.py:190} INFO - Fetching results 700 to 800 for query "image classification"
[2025-03-22T22:07:24.881+0000] {logging_mixin.py:190} INFO - Fetching results 800 to 900 for query "image classification"
[2025-03-22T22:07:28.809+0000] {logging_mixin.py:190} INFO - Fetching results 900 to 1000 for query "image classification"
[2025-03-22T22:07:32.776+0000] {logging_mixin.py:190} INFO - Fetching results 1000 to 1100 for query "image classification"
[2025-03-22T22:07:36.676+0000] {logging_mixin.py:190} INFO - Fetching results 1100 to 1200 for query "image classification"
[2025-03-22T22:07:40.610+0000] {logging_mixin.py:190} INFO - Fetching results 1200 to 1300 for query "image classification"
[2025-03-22T22:07:43.896+0000] {logging_mixin.py:190} INFO - Fetching results 1300 to 1400 for query "image classification"
[2025-03-22T22:07:47.840+0000] {logging_mixin.py:190} INFO - Fetching results 1400 to 1500 for query "image classification"
[2025-03-22T22:07:51.936+0000] {logging_mixin.py:190} INFO - Fetching results 1500 to 1600 for query "image classification"
[2025-03-22T22:07:55.833+0000] {logging_mixin.py:190} INFO - Fetching results 1600 to 1700 for query "image classification"
[2025-03-22T22:07:59.696+0000] {logging_mixin.py:190} INFO - Fetching results 1700 to 1800 for query "image classification"
[2025-03-22T22:08:03.788+0000] {logging_mixin.py:190} INFO - Fetching results 1800 to 1900 for query "image classification"
[2025-03-22T22:08:07.771+0000] {logging_mixin.py:190} INFO - Fetching results 1900 to 2000 for query "image classification"
[2025-03-22T22:08:11.758+0000] {logging_mixin.py:190} INFO - Fetching results 0 to 100 for query "image segmentation"
[2025-03-22T22:08:15.541+0000] {logging_mixin.py:190} INFO - Fetching results 100 to 200 for query "image segmentation"
[2025-03-22T22:08:19.395+0000] {logging_mixin.py:190} INFO - Fetching results 200 to 300 for query "image segmentation"
[2025-03-22T22:08:23.257+0000] {logging_mixin.py:190} INFO - Fetching results 300 to 400 for query "image segmentation"
[2025-03-22T22:08:27.107+0000] {logging_mixin.py:190} INFO - Fetching results 400 to 500 for query "image segmentation"
[2025-03-22T22:08:30.987+0000] {logging_mixin.py:190} INFO - Fetching results 500 to 600 for query "image segmentation"
[2025-03-22T22:08:35.249+0000] {logging_mixin.py:190} INFO - Fetching results 600 to 700 for query "image segmentation"
[2025-03-22T22:08:39.123+0000] {logging_mixin.py:190} INFO - Fetching results 700 to 800 for query "image segmentation"
[2025-03-22T22:08:42.966+0000] {logging_mixin.py:190} INFO - Fetching results 800 to 900 for query "image segmentation"
[2025-03-22T22:08:46.870+0000] {logging_mixin.py:190} INFO - Fetching results 900 to 1000 for query "image segmentation"
[2025-03-22T22:08:52.442+0000] {logging_mixin.py:190} INFO - Fetching results 1000 to 1100 for query "image segmentation"
[2025-03-22T22:08:56.459+0000] {logging_mixin.py:190} INFO - Fetching results 1100 to 1200 for query "image segmentation"
[2025-03-22T22:09:00.350+0000] {logging_mixin.py:190} INFO - Fetching results 1200 to 1300 for query "image segmentation"
[2025-03-22T22:09:04.298+0000] {logging_mixin.py:190} INFO - Fetching results 1300 to 1400 for query "image segmentation"
[2025-03-22T22:09:08.231+0000] {logging_mixin.py:190} INFO - Fetching results 1400 to 1500 for query "image segmentation"
[2025-03-22T22:09:12.200+0000] {logging_mixin.py:190} INFO - Fetching results 1500 to 1600 for query "image segmentation"
[2025-03-22T22:09:16.146+0000] {logging_mixin.py:190} INFO - Fetching results 1600 to 1700 for query "image segmentation"
[2025-03-22T22:09:20.105+0000] {logging_mixin.py:190} INFO - Fetching results 1700 to 1800 for query "image segmentation"
[2025-03-22T22:09:23.999+0000] {logging_mixin.py:190} INFO - Fetching results 1800 to 1900 for query "image segmentation"
[2025-03-22T22:09:27.945+0000] {logging_mixin.py:190} INFO - Fetching results 1900 to 2000 for query "image segmentation"
[2025-03-22T22:09:31.238+0000] {logging_mixin.py:190} INFO - Fetching results 0 to 100 for query "federated learning"
[2025-03-22T22:09:34.996+0000] {logging_mixin.py:190} INFO - Fetching results 100 to 200 for query "federated learning"
[2025-03-22T22:09:38.805+0000] {logging_mixin.py:190} INFO - Fetching results 200 to 300 for query "federated learning"
[2025-03-22T22:09:42.731+0000] {logging_mixin.py:190} INFO - Fetching results 300 to 400 for query "federated learning"
[2025-03-22T22:09:46.626+0000] {logging_mixin.py:190} INFO - Fetching results 400 to 500 for query "federated learning"
[2025-03-22T22:09:51.209+0000] {logging_mixin.py:190} INFO - Fetching results 500 to 600 for query "federated learning"
[2025-03-22T22:09:55.099+0000] {logging_mixin.py:190} INFO - Fetching results 600 to 700 for query "federated learning"
[2025-03-22T22:09:58.440+0000] {logging_mixin.py:190} INFO - Fetching results 700 to 800 for query "federated learning"
[2025-03-22T22:10:02.352+0000] {logging_mixin.py:190} INFO - Fetching results 800 to 900 for query "federated learning"
[2025-03-22T22:10:06.310+0000] {logging_mixin.py:190} INFO - Fetching results 900 to 1000 for query "federated learning"
[2025-03-22T22:10:10.249+0000] {logging_mixin.py:190} INFO - Fetching results 1000 to 1100 for query "federated learning"
[2025-03-22T22:10:14.219+0000] {logging_mixin.py:190} INFO - Fetching results 1100 to 1200 for query "federated learning"
[2025-03-22T22:10:18.186+0000] {logging_mixin.py:190} INFO - Fetching results 1200 to 1300 for query "federated learning"
[2025-03-22T22:10:22.224+0000] {logging_mixin.py:190} INFO - Fetching results 1300 to 1400 for query "federated learning"
[2025-03-22T22:10:26.211+0000] {logging_mixin.py:190} INFO - Fetching results 1400 to 1500 for query "federated learning"
[2025-03-22T22:10:30.277+0000] {logging_mixin.py:190} INFO - Fetching results 1500 to 1600 for query "federated learning"
[2025-03-22T22:10:34.271+0000] {logging_mixin.py:190} INFO - Fetching results 1600 to 1700 for query "federated learning"
[2025-03-22T22:10:38.397+0000] {logging_mixin.py:190} INFO - Fetching results 1700 to 1800 for query "federated learning"
[2025-03-22T22:10:42.454+0000] {logging_mixin.py:190} INFO - Fetching results 1800 to 1900 for query "federated learning"
[2025-03-22T22:10:46.516+0000] {logging_mixin.py:190} INFO - Fetching results 1900 to 2000 for query "federated learning"
[2025-03-22T22:10:50.537+0000] {logging_mixin.py:190} INFO - Fetching results 0 to 100 for query "computer vision"
[2025-03-22T22:10:54.610+0000] {logging_mixin.py:190} INFO - Fetching results 100 to 200 for query "computer vision"
[2025-03-22T22:10:58.515+0000] {logging_mixin.py:190} INFO - Fetching results 200 to 300 for query "computer vision"
[2025-03-22T22:11:02.790+0000] {logging_mixin.py:190} INFO - Fetching results 300 to 400 for query "computer vision"
[2025-03-22T22:11:06.702+0000] {logging_mixin.py:190} INFO - Fetching results 400 to 500 for query "computer vision"
[2025-03-22T22:11:10.727+0000] {logging_mixin.py:190} INFO - Fetching results 500 to 600 for query "computer vision"
[2025-03-22T22:11:14.775+0000] {logging_mixin.py:190} INFO - Fetching results 600 to 700 for query "computer vision"
[2025-03-22T22:11:18.884+0000] {logging_mixin.py:190} INFO - Fetching results 700 to 800 for query "computer vision"
[2025-03-22T22:11:22.307+0000] {logging_mixin.py:190} INFO - Fetching results 800 to 900 for query "computer vision"
[2025-03-22T22:11:26.311+0000] {logging_mixin.py:190} INFO - Fetching results 900 to 1000 for query "computer vision"
[2025-03-22T22:11:30.388+0000] {logging_mixin.py:190} INFO - Fetching results 1000 to 1100 for query "computer vision"
[2025-03-22T22:11:33.678+0000] {logging_mixin.py:190} INFO - Fetching results 1100 to 1200 for query "computer vision"
[2025-03-22T22:11:37.804+0000] {logging_mixin.py:190} INFO - Fetching results 1200 to 1300 for query "computer vision"
[2025-03-22T22:11:41.929+0000] {logging_mixin.py:190} INFO - Fetching results 1300 to 1400 for query "computer vision"
[2025-03-22T22:11:46.670+0000] {logging_mixin.py:190} INFO - Fetching results 1400 to 1500 for query "computer vision"
[2025-03-22T22:11:50.796+0000] {logging_mixin.py:190} INFO - Fetching results 1500 to 1600 for query "computer vision"
[2025-03-22T22:11:54.273+0000] {logging_mixin.py:190} INFO - Fetching results 1600 to 1700 for query "computer vision"
[2025-03-22T22:11:57.734+0000] {logging_mixin.py:190} INFO - Fetching results 1700 to 1800 for query "computer vision"
[2025-03-22T22:12:02.340+0000] {logging_mixin.py:190} INFO - Fetching results 1800 to 1900 for query "computer vision"
[2025-03-22T22:12:05.661+0000] {logging_mixin.py:190} INFO - Fetching results 1900 to 2000 for query "computer vision"
[2025-03-22T22:12:09.747+0000] {logging_mixin.py:190} INFO - Fetching results 0 to 100 for query "AI"
[2025-03-22T22:12:13.497+0000] {logging_mixin.py:190} INFO - Fetching results 100 to 200 for query "AI"
[2025-03-22T22:12:17.256+0000] {logging_mixin.py:190} INFO - Fetching results 200 to 300 for query "AI"
[2025-03-22T22:12:20.979+0000] {logging_mixin.py:190} INFO - Fetching results 300 to 400 for query "AI"
[2025-03-22T22:12:24.771+0000] {logging_mixin.py:190} INFO - Fetching results 400 to 500 for query "AI"
[2025-03-22T22:12:28.539+0000] {logging_mixin.py:190} INFO - Fetching results 500 to 600 for query "AI"
[2025-03-22T22:12:32.306+0000] {logging_mixin.py:190} INFO - Fetching results 600 to 700 for query "AI"
[2025-03-22T22:12:36.136+0000] {logging_mixin.py:190} INFO - Fetching results 700 to 800 for query "AI"
[2025-03-22T22:12:39.897+0000] {logging_mixin.py:190} INFO - Fetching results 800 to 900 for query "AI"
[2025-03-22T22:12:43.652+0000] {logging_mixin.py:190} INFO - Fetching results 900 to 1000 for query "AI"
[2025-03-22T22:12:47.459+0000] {logging_mixin.py:190} INFO - Fetching results 1000 to 1100 for query "AI"
[2025-03-22T22:12:51.191+0000] {logging_mixin.py:190} INFO - Fetching results 1100 to 1200 for query "AI"
[2025-03-22T22:12:55.036+0000] {logging_mixin.py:190} INFO - Fetching results 1200 to 1300 for query "AI"
[2025-03-22T22:12:58.845+0000] {logging_mixin.py:190} INFO - Fetching results 1300 to 1400 for query "AI"
[2025-03-22T22:13:02.622+0000] {logging_mixin.py:190} INFO - Fetching results 1400 to 1500 for query "AI"
[2025-03-22T22:13:06.468+0000] {logging_mixin.py:190} INFO - Fetching results 1500 to 1600 for query "AI"
[2025-03-22T22:13:10.242+0000] {logging_mixin.py:190} INFO - Fetching results 1600 to 1700 for query "AI"
[2025-03-22T22:13:14.173+0000] {logging_mixin.py:190} INFO - Fetching results 1700 to 1800 for query "AI"
[2025-03-22T22:13:18.419+0000] {logging_mixin.py:190} INFO - Fetching results 1800 to 1900 for query "AI"
[2025-03-22T22:13:22.205+0000] {logging_mixin.py:190} INFO - Fetching results 1900 to 2000 for query "AI"
[2025-03-22T22:13:26.048+0000] {base.py:84} INFO - Retrieving connection 'papers_connection'
[2025-03-22T22:13:28.550+0000] {python.py:240} INFO - Done. Returned value was: None
[2025-03-22T22:13:28.557+0000] {taskinstance.py:341} INFO - ::group::Post task execution logs
[2025-03-22T22:13:28.557+0000] {taskinstance.py:353} INFO - Marking task as SUCCESS. dag_id=fetch_data_from_arxiv, task_id=fetch_transform_store, run_id=manual__2025-03-22T22:00:13.415381+00:00, execution_date=20250322T220013, start_date=20250322T220015, end_date=20250322T221328
[2025-03-22T22:13:28.568+0000] {logging_mixin.py:190} INFO - Task instance in success state
[2025-03-22T22:13:28.568+0000] {logging_mixin.py:190} INFO -  Previous state of the Task instance: running
[2025-03-22T22:13:28.568+0000] {logging_mixin.py:190} INFO - Dag name:fetch_data_from_arxiv queued_at:2025-03-22 22:00:13.420284+00:00
[2025-03-22T22:13:28.568+0000] {logging_mixin.py:190} INFO - Task hostname:025cd1981bbc operator:PythonOperator
[2025-03-22T22:13:28.581+0000] {local_task_job_runner.py:266} INFO - Task exited with return code 0
[2025-03-22T22:13:28.590+0000] {taskinstance.py:3901} INFO - 0 downstream tasks scheduled from follow-on schedule check
[2025-03-22T22:13:28.591+0000] {local_task_job_runner.py:245} INFO - ::endgroup::
