[2025-03-22T20:45:32.913+0000] {processor.py:186} INFO - Started process (PID=71) to work on /opt/airflow/dags/research_paper_recommender_dag.py
[2025-03-22T20:45:32.914+0000] {processor.py:914} INFO - Processing file /opt/airflow/dags/research_paper_recommender_dag.py for tasks to queue
[2025-03-22T20:45:32.915+0000] {logging_mixin.py:190} INFO - [2025-03-22T20:45:32.915+0000] {dagbag.py:588} INFO - Filling up the DagBag from /opt/airflow/dags/research_paper_recommender_dag.py
[2025-03-22T20:45:32.948+0000] {logging_mixin.py:190} INFO - [2025-03-22T20:45:32.946+0000] {dagbag.py:387} ERROR - Failed to import: /opt/airflow/dags/research_paper_recommender_dag.py
Traceback (most recent call last):
  File "/home/airflow/.local/lib/python3.12/site-packages/airflow/models/dagbag.py", line 383, in parse
    loader.exec_module(new_module)
  File "<frozen importlib._bootstrap_external>", line 999, in exec_module
  File "<frozen importlib._bootstrap>", line 488, in _call_with_frames_removed
  File "/opt/airflow/dags/research_paper_recommender_dag.py", line 4, in <module>
    from scripts.fetch_papers import fetch_arxiv_data
ModuleNotFoundError: No module named 'scripts.fetch_papers'
[2025-03-22T20:45:32.949+0000] {processor.py:927} WARNING - No viable dags retrieved from /opt/airflow/dags/research_paper_recommender_dag.py
[2025-03-22T20:45:32.961+0000] {processor.py:208} INFO - Processing /opt/airflow/dags/research_paper_recommender_dag.py took 0.051 seconds
[2025-03-22T20:46:03.160+0000] {processor.py:186} INFO - Started process (PID=134) to work on /opt/airflow/dags/research_paper_recommender_dag.py
[2025-03-22T20:46:03.162+0000] {processor.py:914} INFO - Processing file /opt/airflow/dags/research_paper_recommender_dag.py for tasks to queue
[2025-03-22T20:46:03.163+0000] {logging_mixin.py:190} INFO - [2025-03-22T20:46:03.163+0000] {dagbag.py:588} INFO - Filling up the DagBag from /opt/airflow/dags/research_paper_recommender_dag.py
[2025-03-22T20:46:03.172+0000] {logging_mixin.py:190} INFO - [2025-03-22T20:46:03.170+0000] {dagbag.py:387} ERROR - Failed to import: /opt/airflow/dags/research_paper_recommender_dag.py
Traceback (most recent call last):
  File "/home/airflow/.local/lib/python3.12/site-packages/airflow/models/dagbag.py", line 383, in parse
    loader.exec_module(new_module)
  File "<frozen importlib._bootstrap_external>", line 999, in exec_module
  File "<frozen importlib._bootstrap>", line 488, in _call_with_frames_removed
  File "/opt/airflow/dags/research_paper_recommender_dag.py", line 4, in <module>
    from scripts.fetch_papers import fetch_arxiv_data
ModuleNotFoundError: No module named 'scripts.fetch_papers'
[2025-03-22T20:46:03.174+0000] {processor.py:927} WARNING - No viable dags retrieved from /opt/airflow/dags/research_paper_recommender_dag.py
[2025-03-22T20:46:03.185+0000] {processor.py:208} INFO - Processing /opt/airflow/dags/research_paper_recommender_dag.py took 0.029 seconds
[2025-03-22T20:46:34.112+0000] {processor.py:186} INFO - Started process (PID=198) to work on /opt/airflow/dags/research_paper_recommender_dag.py
[2025-03-22T20:46:34.113+0000] {processor.py:914} INFO - Processing file /opt/airflow/dags/research_paper_recommender_dag.py for tasks to queue
[2025-03-22T20:46:34.114+0000] {logging_mixin.py:190} INFO - [2025-03-22T20:46:34.114+0000] {dagbag.py:588} INFO - Filling up the DagBag from /opt/airflow/dags/research_paper_recommender_dag.py
[2025-03-22T20:46:34.121+0000] {logging_mixin.py:190} INFO - [2025-03-22T20:46:34.119+0000] {dagbag.py:387} ERROR - Failed to import: /opt/airflow/dags/research_paper_recommender_dag.py
Traceback (most recent call last):
  File "/home/airflow/.local/lib/python3.12/site-packages/airflow/models/dagbag.py", line 383, in parse
    loader.exec_module(new_module)
  File "<frozen importlib._bootstrap_external>", line 999, in exec_module
  File "<frozen importlib._bootstrap>", line 488, in _call_with_frames_removed
  File "/opt/airflow/dags/research_paper_recommender_dag.py", line 4, in <module>
    from scripts.fetch_papers import fetch_arxiv_data
ModuleNotFoundError: No module named 'scripts.fetch_papers'
[2025-03-22T20:46:34.121+0000] {processor.py:927} WARNING - No viable dags retrieved from /opt/airflow/dags/research_paper_recommender_dag.py
[2025-03-22T20:46:34.131+0000] {processor.py:208} INFO - Processing /opt/airflow/dags/research_paper_recommender_dag.py took 0.021 seconds
